mode: set
yusnar/clean-arch/features/book/service/logic.go:14.63,19.2 1 1
yusnar/clean-arch/features/book/service/logic.go:21.68,24.2 2 1
yusnar/clean-arch/features/book/service/logic.go:26.59,28.16 2 1
yusnar/clean-arch/features/book/service/logic.go:31.2,31.12 1 1
yusnar/clean-arch/features/book/service/logic.go:28.16,30.3 1 1
yusnar/clean-arch/features/book/service/logic.go:34.64,36.20 2 1
yusnar/clean-arch/features/book/service/logic.go:39.2,39.18 1 1
yusnar/clean-arch/features/book/service/logic.go:36.20,38.3 1 1
yusnar/clean-arch/features/book/service/logic.go:43.50,45.22 2 1
yusnar/clean-arch/features/book/service/logic.go:48.2,48.12 1 1
yusnar/clean-arch/features/book/service/logic.go:45.22,47.3 1 1
yusnar/clean-arch/features/book/service/logic.go:51.67,53.16 2 1
yusnar/clean-arch/features/book/service/logic.go:56.2,56.12 1 1
yusnar/clean-arch/features/book/service/logic.go:53.16,55.3 1 1
