mode: set
yusnar/clean-arch/features/user/service/logic.go:14.63,19.2 1 1
yusnar/clean-arch/features/user/service/logic.go:21.68,24.2 2 1
yusnar/clean-arch/features/user/service/logic.go:26.59,28.71 2 1
yusnar/clean-arch/features/user/service/logic.go:32.2,33.16 2 1
yusnar/clean-arch/features/user/service/logic.go:36.2,36.12 1 1
yusnar/clean-arch/features/user/service/logic.go:28.71,30.3 1 1
yusnar/clean-arch/features/user/service/logic.go:33.16,35.3 1 1
yusnar/clean-arch/features/user/service/logic.go:39.64,41.20 2 1
yusnar/clean-arch/features/user/service/logic.go:44.2,44.18 1 1
yusnar/clean-arch/features/user/service/logic.go:41.20,43.3 1 1
yusnar/clean-arch/features/user/service/logic.go:48.50,50.22 2 1
yusnar/clean-arch/features/user/service/logic.go:53.2,53.12 1 1
yusnar/clean-arch/features/user/service/logic.go:50.22,52.3 1 1
yusnar/clean-arch/features/user/service/logic.go:56.67,58.16 2 1
yusnar/clean-arch/features/user/service/logic.go:61.2,61.12 1 1
yusnar/clean-arch/features/user/service/logic.go:58.16,60.3 1 1
